Failure # 1 (occurred at 2025-11-03_15-35-56)
[36mray::ImplicitFunc.train()[39m (pid=95597, ip=127.0.0.1, actor_id=f78346875ff756500faad35b01000000, repr=train_ppo)
ModuleNotFoundError: No module named 'Box2D'

The above exception was the direct cause of the following exception:

[36mray::ImplicitFunc.train()[39m (pid=95597, ip=127.0.0.1, actor_id=f78346875ff756500faad35b01000000, repr=train_ppo)
  File "/opt/miniconda3/envs/rltune/lib/python3.10/site-packages/ray/tune/trainable/trainable.py", line 331, in train
    raise skipped from exception_cause(skipped)
  File "/opt/miniconda3/envs/rltune/lib/python3.10/site-packages/ray/air/_internal/util.py", line 107, in run
    self._ret = self._target(*self._args, **self._kwargs)
  File "/opt/miniconda3/envs/rltune/lib/python3.10/site-packages/ray/tune/trainable/function_trainable.py", line 44, in <lambda>
    training_func=lambda: self._trainable_func(self.config),
  File "/opt/miniconda3/envs/rltune/lib/python3.10/site-packages/ray/tune/trainable/function_trainable.py", line 249, in _trainable_func
    output = fn()
  File "/Users/frank/Param_Tune/test.py", line 31, in train_ppo
    env = gym.make("LunarLander-v3")
  File "/opt/miniconda3/envs/rltune/lib/python3.10/site-packages/gymnasium/envs/registration.py", line 696, in make
    env_creator = load_env_creator(env_spec.entry_point)
  File "/opt/miniconda3/envs/rltune/lib/python3.10/site-packages/gymnasium/envs/registration.py", line 544, in load_env_creator
    mod = importlib.import_module(mod_name)
  File "/opt/miniconda3/envs/rltune/lib/python3.10/importlib/__init__.py", line 126, in import_module
    return _bootstrap._gcd_import(name[level:], package, level)
  File "<frozen importlib._bootstrap>", line 1050, in _gcd_import
  File "<frozen importlib._bootstrap>", line 1027, in _find_and_load
  File "<frozen importlib._bootstrap>", line 992, in _find_and_load_unlocked
  File "<frozen importlib._bootstrap>", line 241, in _call_with_frames_removed
  File "<frozen importlib._bootstrap>", line 1050, in _gcd_import
  File "<frozen importlib._bootstrap>", line 1027, in _find_and_load
  File "<frozen importlib._bootstrap>", line 1006, in _find_and_load_unlocked
  File "<frozen importlib._bootstrap>", line 688, in _load_unlocked
  File "<frozen importlib._bootstrap_external>", line 883, in exec_module
  File "<frozen importlib._bootstrap>", line 241, in _call_with_frames_removed
  File "/opt/miniconda3/envs/rltune/lib/python3.10/site-packages/gymnasium/envs/box2d/__init__.py", line 1, in <module>
    from gymnasium.envs.box2d.bipedal_walker import BipedalWalker, BipedalWalkerHardcore
  File "/opt/miniconda3/envs/rltune/lib/python3.10/site-packages/gymnasium/envs/box2d/bipedal_walker.py", line 25, in <module>
    raise DependencyNotInstalled(
gymnasium.error.DependencyNotInstalled: Box2D is not installed, you can install it by run `pip install swig` followed by `pip install "gymnasium[box2d]"`
